<?xml version="1.0" encoding="UTF-8"?>
<!-- Generated by org.testng.reporters.JUnitReportReporter -->
<testsuite hostname="Yuvaraj" name="TestCase.AmazonTest" tests="2" failures="0" timestamp="22 Dec 2020 09:41:57 GMT" time="93.894" errors="0">
  <testcase name="createLead" time="53.886" classname="TestCase.AmazonTest"/>
  <testcase name="createLead" time="40.008" classname="TestCase.AmazonTest"/>
</testsuite> <!-- TestCase.AmazonTest -->
